GROUP,PACKAGE,CLASS,INSTRUCTION_MISSED,INSTRUCTION_COVERED,BRANCH_MISSED,BRANCH_COVERED,LINE_MISSED,LINE_COVERED,COMPLEXITY_MISSED,COMPLEXITY_COVERED,METHOD_MISSED,METHOD_COVERED
FreeMarkerDown,de.weltraumschaf.freemarkerdown,Variables,0,21,0,0,0,5,0,3,0,3
FreeMarkerDown,de.weltraumschaf.freemarkerdown,FreeMarker,9,41,0,0,4,8,1,4,1,4
FreeMarkerDown,de.weltraumschaf.freemarkerdown,FreemarkerProperties.PropertyNames,9,33,0,0,0,8,2,4,2,4
FreeMarkerDown,de.weltraumschaf.freemarkerdown,Defaults,9,28,0,0,0,6,2,3,2,3
FreeMarkerDown,de.weltraumschaf.freemarkerdown,Layout,0,50,0,2,0,11,0,5,0,4
FreeMarkerDown,de.weltraumschaf.freemarkerdown,FreemarkerProperties,30,57,4,2,5,20,4,5,1,5
FreeMarkerDown,de.weltraumschaf.freemarkerdown,Fragment,0,11,0,0,0,4,0,2,0,2
FreeMarkerDown,de.weltraumschaf.freemarkerdown,FreeMarkerDown,31,0,0,0,8,0,4,0,4,0
FreeMarkerDown,de.weltraumschaf.freemarkerdown,BaseTemplate,0,52,0,0,0,12,0,4,0,4
